<?xml version="1.0" encoding="UTF-8"?>
<!-- Generated by org.testng.reporters.JUnitReportReporter -->
<testsuite hostname="ManikHP" failures="0" tests="2" name="com.core.testRunner.TestRunner" time="126.504" errors="0" timestamp="2023-11-21T01:05:50 IST" skipped="0">
  <testcase classname="com.core.testRunner.TestRunner" name="runScenario" time="50.497"/>
  <testcase classname="com.core.testRunner.TestRunner" name="runScenario" time="76.007"/>
</testsuite> <!-- com.core.testRunner.TestRunner -->
