<?xml version="1.0" encoding="UTF-8"?>
<!-- Generated by org.testng.reporters.JUnitReportReporter -->
<testsuite hostname="ManikHP" failures="0" tests="2" name="com.core.testRunner.TestRunner" time="124.494" errors="0" timestamp="2023-11-20T16:03:45 IST" skipped="0">
  <testcase classname="com.core.testRunner.TestRunner" name="runScenario" time="82.276"/>
  <testcase classname="com.core.testRunner.TestRunner" name="runScenario" time="42.218"/>
</testsuite> <!-- com.core.testRunner.TestRunner -->
