<?xml version="1.0" encoding="UTF-8"?>
<!-- Generated by org.testng.reporters.JUnitReportReporter -->
<testsuite hostname="ManikHP" failures="0" tests="2" name="com.core.testRunner.TestRunner" time="147.905" errors="0" timestamp="2023-11-21T01:17:54 IST" skipped="0">
  <testcase classname="com.core.testRunner.TestRunner" name="runScenario" time="103.859"/>
  <testcase classname="com.core.testRunner.TestRunner" name="runScenario" time="44.046"/>
</testsuite> <!-- com.core.testRunner.TestRunner -->
