<?xml version="1.0" encoding="UTF-8"?>
<!-- Generated by org.testng.reporters.JUnitReportReporter -->
<testsuite hostname="ManikHP" failures="0" tests="2" name="com.core.testRunner.TestRunner" time="121.944" errors="0" timestamp="2023-11-20T21:26:04 IST" skipped="0">
  <testcase classname="com.core.testRunner.TestRunner" name="runScenario" time="39.395"/>
  <testcase classname="com.core.testRunner.TestRunner" name="runScenario" time="82.549"/>
</testsuite> <!-- com.core.testRunner.TestRunner -->
