<?xml version="1.0" encoding="UTF-8"?>
<!-- Generated by org.testng.reporters.JUnitReportReporter -->
<testsuite hostname="ManikHP" failures="0" tests="3" name="com.core.testRunner.TestRunner" time="216.379" errors="3" timestamp="2023-11-21T01:07:23 IST" skipped="0">
  <testcase classname="com.core.testRunner.TestRunner" name="runScenario" time="73.258">
    <error message="Expected condition failed: waiting for com.dp1.pageobjects.DP1HomePage$1@548b0a4a (tried for 60 second(s) with 0 milliseconds interval)
Build info: version: &#039;4.15.0&#039;, revision: &#039;1d14b5521b&#039;
System info: os.name: &#039;Windows 11&#039;, os.arch: &#039;amd64&#039;, os.version: &#039;10.0&#039;, java.version: &#039;17.0.5&#039;
Driver info: driver.version: unknown" type="org.openqa.selenium.TimeoutException">
      <![CDATA[org.openqa.selenium.TimeoutException: Expected condition failed: waiting for com.dp1.pageobjects.DP1HomePage$1@548b0a4a (tried for 60 second(s) with 0 milliseconds interval)
Build info: version: '4.15.0', revision: '1d14b5521b'
System info: os.name: 'Windows 11', os.arch: 'amd64', os.version: '10.0', java.version: '17.0.5'
Driver info: driver.version: unknown
at org.openqa.selenium.support.ui.FluentWait.timeoutException(FluentWait.java:261)
at org.openqa.selenium.support.ui.FluentWait.until(FluentWait.java:229)
at com.dp1.pageobjects.DP1HomePage.waitForHrefValueToBe(DP1HomePage.java:56)
at com.dp1.pageobjects.DP1HomePage.validateSlideTitleAndDuration(DP1HomePage.java:47)
at com.dp1.stepdefinitions.DP1HomePageStepDefinitions.slides_containing_title_is_displayed_with_for_duration(DP1HomePageStepDefinitions.java:33)
at ✽.Slides containing title "Sixers Defeat Nets on the Road" is displayed with "/sixers/videos/philadelphia-76ers-vs-brooklyn-nets-nov-19-2023"  for duration "10"(file:///C:/Users/hp/eclipse-workspace/veeva-automation-framework-Multi-Module/Derived_Product_1/src/test/java/com/dp1/feature/DP1Test.feature:9)
]]>
    </error>
  </testcase> <!-- runScenario -->
  <testcase classname="com.core.testRunner.TestRunner" name="runScenario" time="71.167">
    <error message="Expected condition failed: waiting for com.dp1.pageobjects.DP1HomePage$1@40ebf010 (tried for 60 second(s) with 0 milliseconds interval)
Build info: version: &#039;4.15.0&#039;, revision: &#039;1d14b5521b&#039;
System info: os.name: &#039;Windows 11&#039;, os.arch: &#039;amd64&#039;, os.version: &#039;10.0&#039;, java.version: &#039;17.0.5&#039;
Driver info: driver.version: unknown" type="org.openqa.selenium.TimeoutException">
      <![CDATA[org.openqa.selenium.TimeoutException: Expected condition failed: waiting for com.dp1.pageobjects.DP1HomePage$1@40ebf010 (tried for 60 second(s) with 0 milliseconds interval)
Build info: version: '4.15.0', revision: '1d14b5521b'
System info: os.name: 'Windows 11', os.arch: 'amd64', os.version: '10.0', java.version: '17.0.5'
Driver info: driver.version: unknown
at org.openqa.selenium.support.ui.FluentWait.timeoutException(FluentWait.java:261)
at org.openqa.selenium.support.ui.FluentWait.until(FluentWait.java:229)
at com.dp1.pageobjects.DP1HomePage.waitForHrefValueToBe(DP1HomePage.java:56)
at com.dp1.pageobjects.DP1HomePage.validateSlideTitleAndDuration(DP1HomePage.java:47)
at com.dp1.stepdefinitions.DP1HomePageStepDefinitions.slides_containing_title_is_displayed_with_for_duration(DP1HomePageStepDefinitions.java:33)
at ✽.Slides containing title "Embiid Named Player of the Week" is displayed with "/sixers/news/joel-embiid-named-eastern-conference-player-of-the-week"  for duration "10"(file:///C:/Users/hp/eclipse-workspace/veeva-automation-framework-Multi-Module/Derived_Product_1/src/test/java/com/dp1/feature/DP1Test.feature:9)
]]>
    </error>
  </testcase> <!-- runScenario -->
  <testcase classname="com.core.testRunner.TestRunner" name="runScenario" time="71.954">
    <error message="Expected condition failed: waiting for com.dp1.pageobjects.DP1HomePage$1@557edaf6 (tried for 60 second(s) with 0 milliseconds interval)
Build info: version: &#039;4.15.0&#039;, revision: &#039;1d14b5521b&#039;
System info: os.name: &#039;Windows 11&#039;, os.arch: &#039;amd64&#039;, os.version: &#039;10.0&#039;, java.version: &#039;17.0.5&#039;
Driver info: driver.version: unknown" type="org.openqa.selenium.TimeoutException">
      <![CDATA[org.openqa.selenium.TimeoutException: Expected condition failed: waiting for com.dp1.pageobjects.DP1HomePage$1@557edaf6 (tried for 60 second(s) with 0 milliseconds interval)
Build info: version: '4.15.0', revision: '1d14b5521b'
System info: os.name: 'Windows 11', os.arch: 'amd64', os.version: '10.0', java.version: '17.0.5'
Driver info: driver.version: unknown
at org.openqa.selenium.support.ui.FluentWait.timeoutException(FluentWait.java:261)
at org.openqa.selenium.support.ui.FluentWait.until(FluentWait.java:229)
at com.dp1.pageobjects.DP1HomePage.waitForHrefValueToBe(DP1HomePage.java:56)
at com.dp1.pageobjects.DP1HomePage.validateSlideTitleAndDuration(DP1HomePage.java:47)
at com.dp1.stepdefinitions.DP1HomePageStepDefinitions.slides_containing_title_is_displayed_with_for_duration(DP1HomePageStepDefinitions.java:33)
at ✽.Slides containing title "Sixers Take Down Hawks in Tournament Play" is displayed with "/sixers/videos/philadelphia-76ers-vs-atlanta-hawks-highlights-nov-17-2023"  for duration "10"(file:///C:/Users/hp/eclipse-workspace/veeva-automation-framework-Multi-Module/Derived_Product_1/src/test/java/com/dp1/feature/DP1Test.feature:9)
]]>
    </error>
  </testcase> <!-- runScenario -->
</testsuite> <!-- com.core.testRunner.TestRunner -->
