<?xml version="1.0" encoding="UTF-8"?>
<!-- Generated by org.testng.reporters.JUnitReportReporter -->
<testsuite hostname="ManikHP" failures="0" tests="2" name="com.veeva_automation_framework.testRunner.TestRunner" time="127.950" errors="0" timestamp="2023-11-20T09:46:01 IST" skipped="0">
  <testcase classname="com.veeva_automation_framework.testRunner.TestRunner" name="runScenario" time="79.570"/>
  <testcase classname="com.veeva_automation_framework.testRunner.TestRunner" name="runScenario" time="48.380"/>
</testsuite> <!-- com.veeva_automation_framework.testRunner.TestRunner -->
